
###!!! [Parent][PBackgroundParent] Error: Send(msgname=PBackgroundIDBDatabase::Msg_CloseAfterInvalidationComplete) Channel error: cannot send/recv


###!!! [Parent][PGPUParent] Error: RunMessage(msgname=PGPU::Msg_ShutdownVR) Channel closing: too late to send/recv, messages will be lost


###!!! [Parent][PGPUParent] Error: RunMessage(msgname=PGPU::Msg_ShutdownVR) Channel closing: too late to send/recv, messages will be lost


###!!! [Parent][PGPUParent] Error: RunMessage(msgname=PGPU::Msg_ShutdownVR) Channel closing: too late to send/recv, messages will be lost

1648779036445	geckodriver	INFO	Listening on 127.0.0.1:51478
1648779039510	mozrunner::runner	INFO	Running command: "C:\\Program Files\\Mozilla Firefox\\firefox.exe" "--marionette" "--remote-debugging-port" "51479" "-no-remote" "-profile" "C:\\Users\\user\\AppData\\Local\\Temp\\rust_mozprofilemLfcOr"
1648779039706	Marionette	INFO	Marionette enabled
console.warn: SearchSettings: "get: No settings file exists, new profile?" (new NotFoundError("Could not open the file at C:\\Users\\user\\AppData\\Local\\Temp\\rust_mozprofilemLfcOr\\search.json.mozlz4", (void 0)))
DevTools listening on ws://localhost:51479/devtools/browser/1f82567a-1555-4d3e-9813-156383ebba58
1648779041045	Marionette	INFO	Listening on port 51484
1648779041067	RemoteAgent	WARN	TLS certificate errors will be ignored for this session
1648779048253	Marionette	INFO	Stopped listening on port 51484

###!!! [Parent][PGPUParent] Error: RunMessage(msgname=PGPU::Msg_ShutdownVR) Channel closing: too late to send/recv, messages will be lost

1648779052304	geckodriver	INFO	Listening on 127.0.0.1:51533
1648779055383	mozrunner::runner	INFO	Running command: "C:\\Program Files\\Mozilla Firefox\\firefox.exe" "--marionette" "--remote-debugging-port" "51534" "-no-remote" "-profile" "C:\\Users\\user\\AppData\\Local\\Temp\\rust_mozprofileMljqPW"
1648779055581	Marionette	INFO	Marionette enabled
console.warn: SearchSettings: "get: No settings file exists, new profile?" (new NotFoundError("Could not open the file at C:\\Users\\user\\AppData\\Local\\Temp\\rust_mozprofileMljqPW\\search.json.mozlz4", (void 0)))
DevTools listening on ws://localhost:51534/devtools/browser/871cd8ff-3ffe-448c-b721-9a36f71ff52f
1648779056759	Marionette	INFO	Listening on port 51539
1648779056936	RemoteAgent	WARN	TLS certificate errors will be ignored for this session
JavaScript error: resource://gre/modules/AsyncShutdown.jsm, line 575: NotFoundError: No such JSWindowActor 'DevToolsFrame'
1648779088079	Marionette	INFO	Stopped listening on port 51539
console.warn: TopSitesFeed: Failed to fetch data from Contile server: NetworkError when attempting to fetch resource.
